<?xml version="1.0" encoding="UTF-8"?>
<!-- Generated by org.testng.reporters.JUnitReportReporter -->
<testsuite hostname="DESKTOP-OH2L0KI" failures="0" tests="2" name="demo.login" time="1.595" errors="1" timestamp="2024-06-06T11:03:28 IST" skipped="1">
  <testcase classname="demo.login" name="launchBrowser" time="1.595">
    <error message="session not created: This version of ChromeDriver only supports Chrome version 122
Current browser version is 125.0.6422.141 with binary path C:\Program Files\Google\Chrome\Application\chrome.exe
Build info: version: &#039;3.141.59&#039;, revision: &#039;e82be7d358&#039;, time: &#039;2018-11-14T08:17:03&#039;
System info: host: &#039;DESKTOP-OH2L0KI&#039;, ip: &#039;192.168.29.219&#039;, os.name: &#039;Windows 10&#039;, os.arch: &#039;amd64&#039;, os.version: &#039;10.0&#039;, java.version: &#039;17.0.8.1&#039;
Driver info: driver.version: ChromeDriver
remote stacktrace: 	GetHandleVerifier [0x00007FF66492AD22+56930]
	(No symbol) [0x00007FF66489F622]
	(No symbol) [0x00007FF6647542E5]
	(No symbol) [0x00007FF66478A432]
	(No symbol) [0x00007FF66478983F]
	(No symbol) [0x00007FF66478341E]
	(No symbol) [0x00007FF6647805D4]
	(No symbol) [0x00007FF6647C595F]
	(No symbol) [0x00007FF6647C54C0]
	(No symbol) [0x00007FF6647BBA43]
	(No symbol) [0x00007FF66478D438]
	(No symbol) [0x00007FF66478E4D1]
	GetHandleVerifier [0x00007FF664CA6AAD+3709933]
	GetHandleVerifier [0x00007FF664CFFFED+4075821]
	GetHandleVerifier [0x00007FF664CF817F+4043455]
	GetHandleVerifier [0x00007FF6649C9756+706710]
	(No symbol) [0x00007FF6648AB8FF]
	(No symbol) [0x00007FF6648A6AE4]
	(No symbol) [0x00007FF6648A6C3C]
	(No symbol) [0x00007FF6648968F4]
	BaseThreadInitThunk [0x00007FFA51F97344+20]
	RtlUserThreadStart [0x00007FFA523626B1+33]
" type="org.openqa.selenium.SessionNotCreatedException">
      <![CDATA[org.openqa.selenium.SessionNotCreatedException: session not created: This version of ChromeDriver only supports Chrome version 122
Current browser version is 125.0.6422.141 with binary path C:\Program Files\Google\Chrome\Application\chrome.exe
Build info: version: '3.141.59', revision: 'e82be7d358', time: '2018-11-14T08:17:03'
System info: host: 'DESKTOP-OH2L0KI', ip: '192.168.29.219', os.name: 'Windows 10', os.arch: 'amd64', os.version: '10.0', java.version: '17.0.8.1'
Driver info: driver.version: ChromeDriver
remote stacktrace: GetHandleVerifier [0x00007FF66492AD22+56930]
(No symbol) [0x00007FF66489F622]
(No symbol) [0x00007FF6647542E5]
(No symbol) [0x00007FF66478A432]
(No symbol) [0x00007FF66478983F]
(No symbol) [0x00007FF66478341E]
(No symbol) [0x00007FF6647805D4]
(No symbol) [0x00007FF6647C595F]
(No symbol) [0x00007FF6647C54C0]
(No symbol) [0x00007FF6647BBA43]
(No symbol) [0x00007FF66478D438]
(No symbol) [0x00007FF66478E4D1]
GetHandleVerifier [0x00007FF664CA6AAD+3709933]
GetHandleVerifier [0x00007FF664CFFFED+4075821]
GetHandleVerifier [0x00007FF664CF817F+4043455]
GetHandleVerifier [0x00007FF6649C9756+706710]
(No symbol) [0x00007FF6648AB8FF]
(No symbol) [0x00007FF6648A6AE4]
(No symbol) [0x00007FF6648A6C3C]
(No symbol) [0x00007FF6648968F4]
BaseThreadInitThunk [0x00007FFA51F97344+20]
RtlUserThreadStart [0x00007FFA523626B1+33]

at java.base/jdk.internal.reflect.NativeConstructorAccessorImpl.newInstance0(Native Method)
at java.base/jdk.internal.reflect.NativeConstructorAccessorImpl.newInstance(NativeConstructorAccessorImpl.java:77)
at java.base/jdk.internal.reflect.DelegatingConstructorAccessorImpl.newInstance(DelegatingConstructorAccessorImpl.java:45)
at java.base/java.lang.reflect.Constructor.newInstanceWithCaller(Constructor.java:499)
at java.base/java.lang.reflect.Constructor.newInstance(Constructor.java:480)
at org.openqa.selenium.remote.W3CHandshakeResponse.lambda$errorHandler$0(W3CHandshakeResponse.java:62)
at org.openqa.selenium.remote.HandshakeResponse.lambda$getResponseFunction$0(HandshakeResponse.java:30)
at org.openqa.selenium.remote.ProtocolHandshake.lambda$createSession$0(ProtocolHandshake.java:126)
at java.base/java.util.stream.ReferencePipeline$3$1.accept(ReferencePipeline.java:197)
at java.base/java.util.Spliterators$ArraySpliterator.tryAdvance(Spliterators.java:1002)
at java.base/java.util.stream.ReferencePipeline.forEachWithCancel(ReferencePipeline.java:129)
at java.base/java.util.stream.AbstractPipeline.copyIntoWithCancel(AbstractPipeline.java:527)
at java.base/java.util.stream.AbstractPipeline.copyInto(AbstractPipeline.java:513)
at java.base/java.util.stream.AbstractPipeline.wrapAndCopyInto(AbstractPipeline.java:499)
at java.base/java.util.stream.FindOps$FindOp.evaluateSequential(FindOps.java:150)
at java.base/java.util.stream.AbstractPipeline.evaluate(AbstractPipeline.java:234)
at java.base/java.util.stream.ReferencePipeline.findFirst(ReferencePipeline.java:647)
at org.openqa.selenium.remote.ProtocolHandshake.createSession(ProtocolHandshake.java:128)
at org.openqa.selenium.remote.ProtocolHandshake.createSession(ProtocolHandshake.java:74)
at org.openqa.selenium.remote.HttpCommandExecutor.execute(HttpCommandExecutor.java:136)
at org.openqa.selenium.remote.service.DriverCommandExecutor.execute(DriverCommandExecutor.java:83)
at org.openqa.selenium.remote.RemoteWebDriver.execute(RemoteWebDriver.java:552)
at org.openqa.selenium.remote.RemoteWebDriver.startSession(RemoteWebDriver.java:213)
at org.openqa.selenium.remote.RemoteWebDriver.<init>(RemoteWebDriver.java:131)
at org.openqa.selenium.chrome.ChromeDriver.<init>(ChromeDriver.java:181)
at org.openqa.selenium.chrome.ChromeDriver.<init>(ChromeDriver.java:168)
at org.openqa.selenium.chrome.ChromeDriver.<init>(ChromeDriver.java:123)
at GenericUtils.BaseClass.launchBrowser(BaseClass.java:61)
at java.base/jdk.internal.reflect.NativeMethodAccessorImpl.invoke0(Native Method)
at java.base/jdk.internal.reflect.NativeMethodAccessorImpl.invoke(NativeMethodAccessorImpl.java:77)
at java.base/jdk.internal.reflect.DelegatingMethodAccessorImpl.invoke(DelegatingMethodAccessorImpl.java:43)
at java.base/java.lang.reflect.Method.invoke(Method.java:568)
at org.testng.internal.invokers.MethodInvocationHelper.invokeMethod(MethodInvocationHelper.java:141)
at org.testng.internal.invokers.MethodInvocationHelper.invokeMethodConsideringTimeout(MethodInvocationHelper.java:71)
at org.testng.internal.invokers.ConfigInvoker.invokeConfigurationMethod(ConfigInvoker.java:400)
at org.testng.internal.invokers.ConfigInvoker.invokeConfigurations(ConfigInvoker.java:333)
at org.testng.internal.invokers.TestMethodWorker.invokeBeforeClassMethods(TestMethodWorker.java:188)
at org.testng.internal.invokers.TestMethodWorker.run(TestMethodWorker.java:128)
at java.base/java.util.ArrayList.forEach(ArrayList.java:1511)
at org.testng.TestRunner.privateRun(TestRunner.java:739)
at org.testng.TestRunner.run(TestRunner.java:614)
at org.testng.SuiteRunner.runTest(SuiteRunner.java:421)
at org.testng.SuiteRunner.runSequentially(SuiteRunner.java:413)
at org.testng.SuiteRunner.privateRun(SuiteRunner.java:373)
at org.testng.SuiteRunner.run(SuiteRunner.java:312)
at org.testng.SuiteRunnerWorker.runSuite(SuiteRunnerWorker.java:52)
at org.testng.SuiteRunnerWorker.run(SuiteRunnerWorker.java:95)
at org.testng.TestNG.runSuitesSequentially(TestNG.java:1274)
at org.testng.TestNG.runSuitesLocally(TestNG.java:1208)
at org.testng.TestNG.runSuites(TestNG.java:1112)
at org.testng.TestNG.run(TestNG.java:1079)
at org.testng.remote.AbstractRemoteTestNG.run(AbstractRemoteTestNG.java:115)
at org.testng.remote.RemoteTestNG.initAndRun(RemoteTestNG.java:293)
at org.testng.remote.RemoteTestNG.main(RemoteTestNG.java:91)
]]>
    </error>
  </testcase> <!-- launchBrowser -->
  <testcase classname="demo.login" name="LoginPage" time="0.000">
    <skipped/>
  </testcase> <!-- LoginPage -->
</testsuite> <!-- demo.login -->
